2026-02-20 18:13:57 [scrapy.utils.log] INFO: Scrapy 2.14.1 started (bot: intermark_scraper)
2026-02-20 18:13:57 [scrapy.utils.log] INFO: Versions:
{'lxml': '6.0.2',
 'libxml2': '2.11.9',
 'cssselect': '1.4.0',
 'parsel': '1.11.0',
 'w3lib': '2.4.0',
 'Twisted': '25.5.0',
 'Python': '3.11.9 (tags/v3.11.9:de54cf5, Apr  2 2024, 10:12:12) [MSC v.1938 '
           '64 bit (AMD64)]',
 'pyOpenSSL': '25.3.0 (OpenSSL 3.5.5 27 Jan 2026)',
 'cryptography': '46.0.5',
 'Platform': 'Windows-10-10.0.26200-SP0'}
2026-02-20 18:13:57 [scrapy.addons] INFO: Enabled addons:
[]
2026-02-20 18:13:57 [scrapy.extensions.telnet] INFO: Telnet Password: 4e6fbb760edc323f
2026-02-20 18:13:57 [scrapy.middleware] INFO: Enabled extensions:
['scrapy.extensions.corestats.CoreStats',
 'scrapy.extensions.logcount.LogCount',
 'scrapy.extensions.telnet.TelnetConsole',
 'scrapy.extensions.logstats.LogStats',
 'scrapy.extensions.throttle.AutoThrottle']
2026-02-20 18:13:57 [scrapy.crawler] INFO: Overridden settings:
{'AUTOTHROTTLE_ENABLED': True,
 'AUTOTHROTTLE_MAX_DELAY': 10.0,
 'AUTOTHROTTLE_START_DELAY': 1.0,
 'BOT_NAME': 'intermark_scraper',
 'CONCURRENT_REQUESTS': 1,
 'CONCURRENT_REQUESTS_PER_DOMAIN': 1,
 'DOWNLOAD_DELAY': 1,
 'DOWNLOAD_TIMEOUT': 30,
 'FEED_EXPORT_ENCODING': 'utf-8',
 'LOGSTATS_INTERVAL': 30,
 'LOG_FILE': 'logs/scrapy_run.log',
 'LOG_LEVEL': 'INFO',
 'NEWSPIDER_MODULE': 'intermark_scraper.spiders',
 'RETRY_TIMES': 5,
 'SPIDER_MODULES': ['intermark_scraper.spiders']}
2026-02-20 18:13:57 [scrapy.middleware] INFO: Enabled downloader middlewares:
['scrapy.downloadermiddlewares.offsite.OffsiteMiddleware',
 'scrapy.downloadermiddlewares.httpauth.HttpAuthMiddleware',
 'scrapy.downloadermiddlewares.downloadtimeout.DownloadTimeoutMiddleware',
 'scrapy.downloadermiddlewares.defaultheaders.DefaultHeadersMiddleware',
 'intermark_scraper.middlewares.RotateUserAgentMiddleware',
 'intermark_scraper.middlewares.SmartRetryMiddleware',
 'scrapy.downloadermiddlewares.redirect.MetaRefreshMiddleware',
 'scrapy.downloadermiddlewares.httpcompression.HttpCompressionMiddleware',
 'scrapy.downloadermiddlewares.redirect.RedirectMiddleware',
 'scrapy.downloadermiddlewares.cookies.CookiesMiddleware',
 'scrapy.downloadermiddlewares.httpproxy.HttpProxyMiddleware',
 'scrapy.downloadermiddlewares.stats.DownloaderStats']
2026-02-20 18:13:57 [py.warnings] WARNING: D:\Course-DE-fall_2025\scrapy_intermark_spain_project\.venv\Lib\site-packages\scrapy\core\downloader\middleware.py:44: ScrapyDeprecationWarning: RotateUserAgentMiddleware.process_request() requires a spider argument, this is deprecated and the argument will not be passed in future Scrapy versions. If you need to access the spider instance you can save the crawler instance passed to from_crawler() and use its spider attribute.
  self._check_mw_method_spider_arg(mw.process_request)

2026-02-20 18:13:57 [py.warnings] WARNING: D:\Course-DE-fall_2025\scrapy_intermark_spain_project\.venv\Lib\site-packages\scrapy\core\downloader\middleware.py:47: ScrapyDeprecationWarning: SmartRetryMiddleware.process_response() requires a spider argument, this is deprecated and the argument will not be passed in future Scrapy versions. If you need to access the spider instance you can save the crawler instance passed to from_crawler() and use its spider attribute.
  self._check_mw_method_spider_arg(mw.process_response)

2026-02-20 18:13:57 [scrapy.middleware] INFO: Enabled spider middlewares:
['scrapy.spidermiddlewares.start.StartSpiderMiddleware',
 'scrapy.spidermiddlewares.httperror.HttpErrorMiddleware',
 'scrapy.spidermiddlewares.referer.RefererMiddleware',
 'scrapy.spidermiddlewares.urllength.UrlLengthMiddleware',
 'scrapy.spidermiddlewares.depth.DepthMiddleware']
2026-02-20 18:13:58 [scrapy.middleware] INFO: Enabled item pipelines:
['intermark_scraper.pipelines.DatabasePipeline']
2026-02-20 18:13:58 [py.warnings] WARNING: D:\Course-DE-fall_2025\scrapy_intermark_spain_project\.venv\Lib\site-packages\scrapy\pipelines\__init__.py:41: ScrapyDeprecationWarning: DatabasePipeline.open_spider() requires a spider argument, this is deprecated and the argument will not be passed in future Scrapy versions. If you need to access the spider instance you can save the crawler instance passed to from_crawler() and use its spider attribute.
  self._check_mw_method_spider_arg(pipe.open_spider)

2026-02-20 18:13:58 [py.warnings] WARNING: D:\Course-DE-fall_2025\scrapy_intermark_spain_project\.venv\Lib\site-packages\scrapy\pipelines\__init__.py:44: ScrapyDeprecationWarning: DatabasePipeline.close_spider() requires a spider argument, this is deprecated and the argument will not be passed in future Scrapy versions. If you need to access the spider instance you can save the crawler instance passed to from_crawler() and use its spider attribute.
  self._check_mw_method_spider_arg(pipe.close_spider)

2026-02-20 18:13:58 [py.warnings] WARNING: D:\Course-DE-fall_2025\scrapy_intermark_spain_project\.venv\Lib\site-packages\scrapy\pipelines\__init__.py:47: ScrapyDeprecationWarning: DatabasePipeline.process_item() requires a spider argument, this is deprecated and the argument will not be passed in future Scrapy versions. If you need to access the spider instance you can save the crawler instance passed to from_crawler() and use its spider attribute.
  self._check_mw_method_spider_arg(pipe.process_item)

2026-02-20 18:13:58 [scrapy.core.engine] INFO: Spider opened
2026-02-20 18:13:58 [py.warnings] WARNING: D:\Course-DE-fall_2025\scrapy_intermark_spain_project\.venv\Lib\site-packages\scrapy\core\spidermw.py:490: ScrapyDeprecationWarning: intermark_scraper.spiders.intermark_spain.IntermarkSpainSpider defines the deprecated start_requests() method. start_requests() has been deprecated in favor of a new method, start(), to support asynchronous code execution. start_requests() will stop being called in a future version of Scrapy. If you use Scrapy 2.13 or higher only, replace start_requests() with start(); note that start() is a coroutine (async def). If you need to maintain compatibility with lower Scrapy versions, when overriding start_requests() in a spider class, override start() as well; you can use super() to reuse the inherited start() implementation without copy-pasting. See the release notes of Scrapy 2.13 for details: https://docs.scrapy.org/en/2.13/news.html
  warn(

2026-02-20 18:13:58 [intermark_scraper.pipelines] INFO: Loaded 29 urls from DB into spider.db_urls
2026-02-20 18:13:58 [intermark_scraper.pipelines] INFO: Need detail (missing description): 0
2026-02-20 18:13:58 [scrapy.extensions.logstats] INFO: Crawled 0 pages (at 0 pages/min), scraped 0 items (at 0 items/min)
2026-02-20 18:13:58 [scrapy.extensions.telnet] INFO: Telnet console listening on 127.0.0.1:6023
2026-02-20 18:13:58 [WDM] INFO: ====== WebDriver manager ======
2026-02-20 18:14:01 [WDM] INFO: Get LATEST chromedriver version for google-chrome
2026-02-20 18:14:04 [WDM] INFO: Get LATEST chromedriver version for google-chrome
2026-02-20 18:14:04 [WDM] INFO: There is no [win64] chromedriver "145.0.7632.77" for browser google-chrome "145.0.7632" in cache
2026-02-20 18:14:04 [WDM] INFO: Get LATEST chromedriver version for google-chrome
2026-02-20 18:14:06 [WDM] INFO: WebDriver version 145.0.7632.77 selected
2026-02-20 18:14:06 [WDM] INFO: Modern chrome version https://storage.googleapis.com/chrome-for-testing-public/145.0.7632.77/win32/chromedriver-win32.zip
2026-02-20 18:14:06 [WDM] INFO: About to download new driver from https://storage.googleapis.com/chrome-for-testing-public/145.0.7632.77/win32/chromedriver-win32.zip
2026-02-20 18:14:06 [WDM] INFO: Driver downloading response is 200
2026-02-20 18:14:08 [WDM] INFO: Get LATEST chromedriver version for google-chrome
2026-02-20 18:14:08 [WDM] INFO: Driver has been saved in cache [C:\Users\user\.wdm\drivers\chromedriver\win64\145.0.7632.77]
2026-02-20 18:14:11 [intermark_spain] INFO: [selenium] driver initialized
2026-02-20 18:14:11 [intermark_spain] INFO: [selenium] GET https://intermark.ru/nedvizhimost-za-rubezhom/investicii-spain
2026-02-20 18:16:07 [intermark_spain] ERROR: [selenium] get() failed url=https://intermark.ru/nedvizhimost-za-rubezhom/investicii-spain err=Message: unknown error: net::ERR_CONNECTION_RESET
  (Session info: chrome=145.0.7632.77)
Stacktrace:
Symbols not available. Dumping unresolved backtrace:
	0xbbf3e3
	0xbbf424
	0x9b2090
	0x9af59e
	0x9a2674
	0x9a40dc
	0x9a2b17
	0x9a2445
	0x9a2145
	0x9a0258
	0x9a096a
	0x9b5b1e
	0xa3c554
	0xa1ee1c
	0xa3bb23
	0xa1ebb6
	0x9f0319
	0x9f10d4
	0xe146a4
	0xe0f9a9
	0xe2c940
	0xbd80f8
	0xbdfe4d
	0xbc7c18
	0xbc7de2
	0xbb18ea
	0x75895d49
	0x77a5d83b
	0x77a5d7c1

2026-02-20 18:16:07 [intermark_spain] INFO: [listing] Saved HTML to intermark_page.html
2026-02-20 18:16:07 [intermark_spain] INFO: [listing] url=https://intermark.ru/nedvizhimost-za-rubezhom/investicii-spain len(html)=0
2026-02-20 18:16:07 [intermark_spain] INFO: [listing] Found 0 cards
2026-02-20 18:16:07 [intermark_spain] INFO: [pagination] stop: 0 cards on current page https://intermark.ru/nedvizhimost-za-rubezhom/investicii-spain
2026-02-20 18:16:07 [scrapy.core.engine] INFO: Closing spider (finished)
2026-02-20 18:16:07 [intermark_scraper.pipelines] INFO: Database connection closed
2026-02-20 18:16:07 [scrapy.extensions.logstats] INFO: Crawled 0 pages (at 0 pages/min), scraped 0 items (at 0 items/min)
2026-02-20 18:16:09 [intermark_spain] INFO: [selenium] driver quit ok
2026-02-20 18:16:09 [scrapy.statscollectors] INFO: Dumping Scrapy stats:
{'elapsed_time_seconds': 131.524085,
 'finish_reason': 'finished',
 'finish_time': datetime.datetime(2026, 2, 20, 14, 16, 9, 979977, tzinfo=datetime.timezone.utc),
 'items_per_minute': 0.0,
 'log_count/ERROR': 1,
 'log_count/INFO': 23,
 'responses_per_minute': 0.0,
 'start_time': datetime.datetime(2026, 2, 20, 14, 13, 58, 455892, tzinfo=datetime.timezone.utc)}
2026-02-20 18:16:09 [scrapy.core.engine] INFO: Spider closed (finished)
2026-02-21 10:34:58 [scrapy.utils.log] INFO: Scrapy 2.14.1 started (bot: intermark_scraper)
2026-02-21 10:34:58 [scrapy.utils.log] INFO: Versions:
{'lxml': '6.0.2',
 'libxml2': '2.11.9',
 'cssselect': '1.4.0',
 'parsel': '1.11.0',
 'w3lib': '2.4.0',
 'Twisted': '25.5.0',
 'Python': '3.11.9 (tags/v3.11.9:de54cf5, Apr  2 2024, 10:12:12) [MSC v.1938 '
           '64 bit (AMD64)]',
 'pyOpenSSL': '25.3.0 (OpenSSL 3.5.5 27 Jan 2026)',
 'cryptography': '46.0.5',
 'Platform': 'Windows-10-10.0.26200-SP0'}
2026-02-21 10:34:58 [scrapy.addons] INFO: Enabled addons:
[]
2026-02-21 10:34:58 [scrapy.extensions.telnet] INFO: Telnet Password: bb2b921304bb8e01
2026-02-21 10:34:58 [scrapy.middleware] INFO: Enabled extensions:
['scrapy.extensions.corestats.CoreStats',
 'scrapy.extensions.logcount.LogCount',
 'scrapy.extensions.telnet.TelnetConsole',
 'scrapy.extensions.logstats.LogStats',
 'scrapy.extensions.throttle.AutoThrottle']
2026-02-21 10:34:58 [scrapy.crawler] INFO: Overridden settings:
{'AUTOTHROTTLE_ENABLED': True,
 'AUTOTHROTTLE_MAX_DELAY': 10.0,
 'AUTOTHROTTLE_START_DELAY': 1.0,
 'BOT_NAME': 'intermark_scraper',
 'CONCURRENT_REQUESTS': 1,
 'CONCURRENT_REQUESTS_PER_DOMAIN': 1,
 'DOWNLOAD_DELAY': 1,
 'DOWNLOAD_TIMEOUT': 30,
 'FEED_EXPORT_ENCODING': 'utf-8',
 'LOGSTATS_INTERVAL': 30,
 'LOG_FILE': 'logs/scrapy_run.log',
 'LOG_LEVEL': 'INFO',
 'NEWSPIDER_MODULE': 'intermark_scraper.spiders',
 'RETRY_TIMES': 5,
 'SPIDER_MODULES': ['intermark_scraper.spiders']}
2026-02-21 10:34:58 [scrapy.middleware] INFO: Enabled downloader middlewares:
['scrapy.downloadermiddlewares.offsite.OffsiteMiddleware',
 'scrapy.downloadermiddlewares.httpauth.HttpAuthMiddleware',
 'scrapy.downloadermiddlewares.downloadtimeout.DownloadTimeoutMiddleware',
 'scrapy.downloadermiddlewares.defaultheaders.DefaultHeadersMiddleware',
 'intermark_scraper.middlewares.RotateUserAgentMiddleware',
 'intermark_scraper.middlewares.SmartRetryMiddleware',
 'scrapy.downloadermiddlewares.redirect.MetaRefreshMiddleware',
 'scrapy.downloadermiddlewares.httpcompression.HttpCompressionMiddleware',
 'scrapy.downloadermiddlewares.redirect.RedirectMiddleware',
 'scrapy.downloadermiddlewares.cookies.CookiesMiddleware',
 'scrapy.downloadermiddlewares.httpproxy.HttpProxyMiddleware',
 'scrapy.downloadermiddlewares.stats.DownloaderStats']
2026-02-21 10:34:58 [py.warnings] WARNING: D:\Course-DE-fall_2025\scrapy_intermark_spain_project\.venv\Lib\site-packages\scrapy\core\downloader\middleware.py:44: ScrapyDeprecationWarning: RotateUserAgentMiddleware.process_request() requires a spider argument, this is deprecated and the argument will not be passed in future Scrapy versions. If you need to access the spider instance you can save the crawler instance passed to from_crawler() and use its spider attribute.
  self._check_mw_method_spider_arg(mw.process_request)

2026-02-21 10:34:58 [py.warnings] WARNING: D:\Course-DE-fall_2025\scrapy_intermark_spain_project\.venv\Lib\site-packages\scrapy\core\downloader\middleware.py:47: ScrapyDeprecationWarning: SmartRetryMiddleware.process_response() requires a spider argument, this is deprecated and the argument will not be passed in future Scrapy versions. If you need to access the spider instance you can save the crawler instance passed to from_crawler() and use its spider attribute.
  self._check_mw_method_spider_arg(mw.process_response)

2026-02-21 10:34:58 [scrapy.middleware] INFO: Enabled spider middlewares:
['scrapy.spidermiddlewares.start.StartSpiderMiddleware',
 'scrapy.spidermiddlewares.httperror.HttpErrorMiddleware',
 'scrapy.spidermiddlewares.referer.RefererMiddleware',
 'scrapy.spidermiddlewares.urllength.UrlLengthMiddleware',
 'scrapy.spidermiddlewares.depth.DepthMiddleware']
2026-02-21 10:34:58 [scrapy.middleware] INFO: Enabled item pipelines:
['intermark_scraper.pipelines.DatabasePipeline']
2026-02-21 10:34:58 [py.warnings] WARNING: D:\Course-DE-fall_2025\scrapy_intermark_spain_project\.venv\Lib\site-packages\scrapy\pipelines\__init__.py:41: ScrapyDeprecationWarning: DatabasePipeline.open_spider() requires a spider argument, this is deprecated and the argument will not be passed in future Scrapy versions. If you need to access the spider instance you can save the crawler instance passed to from_crawler() and use its spider attribute.
  self._check_mw_method_spider_arg(pipe.open_spider)

2026-02-21 10:34:58 [py.warnings] WARNING: D:\Course-DE-fall_2025\scrapy_intermark_spain_project\.venv\Lib\site-packages\scrapy\pipelines\__init__.py:44: ScrapyDeprecationWarning: DatabasePipeline.close_spider() requires a spider argument, this is deprecated and the argument will not be passed in future Scrapy versions. If you need to access the spider instance you can save the crawler instance passed to from_crawler() and use its spider attribute.
  self._check_mw_method_spider_arg(pipe.close_spider)

2026-02-21 10:34:58 [py.warnings] WARNING: D:\Course-DE-fall_2025\scrapy_intermark_spain_project\.venv\Lib\site-packages\scrapy\pipelines\__init__.py:47: ScrapyDeprecationWarning: DatabasePipeline.process_item() requires a spider argument, this is deprecated and the argument will not be passed in future Scrapy versions. If you need to access the spider instance you can save the crawler instance passed to from_crawler() and use its spider attribute.
  self._check_mw_method_spider_arg(pipe.process_item)

2026-02-21 10:34:58 [scrapy.core.engine] INFO: Spider opened
2026-02-21 10:34:58 [py.warnings] WARNING: D:\Course-DE-fall_2025\scrapy_intermark_spain_project\.venv\Lib\site-packages\scrapy\core\spidermw.py:490: ScrapyDeprecationWarning: intermark_scraper.spiders.intermark_spain.IntermarkSpainSpider defines the deprecated start_requests() method. start_requests() has been deprecated in favor of a new method, start(), to support asynchronous code execution. start_requests() will stop being called in a future version of Scrapy. If you use Scrapy 2.13 or higher only, replace start_requests() with start(); note that start() is a coroutine (async def). If you need to maintain compatibility with lower Scrapy versions, when overriding start_requests() in a spider class, override start() as well; you can use super() to reuse the inherited start() implementation without copy-pasting. See the release notes of Scrapy 2.13 for details: https://docs.scrapy.org/en/2.13/news.html
  warn(

2026-02-21 10:34:58 [intermark_scraper.pipelines] INFO: Loaded 0 urls from DB into spider.db_urls
2026-02-21 10:34:58 [intermark_scraper.pipelines] INFO: Need detail (missing description): 0
2026-02-21 10:34:58 [scrapy.extensions.logstats] INFO: Crawled 0 pages (at 0 pages/min), scraped 0 items (at 0 items/min)
2026-02-21 10:34:58 [scrapy.extensions.telnet] INFO: Telnet console listening on 127.0.0.1:6023
2026-02-21 10:34:58 [WDM] INFO: ====== WebDriver manager ======
2026-02-21 10:35:01 [WDM] INFO: Get LATEST chromedriver version for google-chrome
2026-02-21 10:35:01 [WDM] INFO: Get LATEST chromedriver version for google-chrome
2026-02-21 10:35:02 [WDM] INFO: Driver [C:\Users\user\.wdm\drivers\chromedriver\win64\145.0.7632.77\chromedriver-win32/chromedriver.exe] found in cache
2026-02-21 10:35:03 [intermark_spain] INFO: [selenium] driver initialized
2026-02-21 10:35:03 [intermark_spain] INFO: [selenium] GET https://intermark.ru/nedvizhimost-za-rubezhom/investicii-spain
2026-02-21 10:35:07 [intermark_spain] INFO: [selenium] scroll=1 cards=25
2026-02-21 10:35:08 [intermark_spain] INFO: [selenium] scroll=2 cards=25
2026-02-21 10:35:08 [intermark_spain] INFO: [listing] Saved HTML to intermark_page.html
2026-02-21 10:35:08 [intermark_spain] INFO: [listing] url=https://intermark.ru/nedvizhimost-za-rubezhom/investicii-spain len(html)=1600211
2026-02-21 10:35:08 [intermark_spain] INFO: [listing] Found 25 cards
2026-02-21 10:35:08 [intermark_scraper.pipelines] INFO: [pipeline] got item url=https://intermark.ru/objects/ispaniya-apartamenty-724599 stage=listing desc_len=0 area_raw='315 м²'
2026-02-21 10:35:08 [intermark_scraper.pipelines] INFO: [pipeline] inserted url=https://intermark.ru/objects/ispaniya-apartamenty-724599
2026-02-21 10:35:08 [intermark_spain] INFO: [selenium] GET https://intermark.ru/nedvizhimost-za-rubezhom/investicii-spain?page=2
2026-02-21 10:35:10 [intermark_spain] INFO: [selenium] scroll=1 cards=4
2026-02-21 10:35:11 [intermark_spain] INFO: [selenium] scroll=2 cards=4
2026-02-21 10:35:11 [intermark_spain] INFO: [pagination] try next_url=https://intermark.ru/nedvizhimost-za-rubezhom/investicii-spain?page=2 cards=4
2026-02-21 10:35:11 [intermark_spain] INFO: [listing] url=https://intermark.ru/nedvizhimost-za-rubezhom/investicii-spain?page=2 len(html)=1322089
2026-02-21 10:35:11 [intermark_spain] INFO: [listing] Found 4 cards
2026-02-21 10:35:11 [intermark_spain] INFO: [selenium] GET https://intermark.ru/nedvizhimost-za-rubezhom/investicii-spain?page=3
2026-02-21 10:35:30 [intermark_spain] INFO: [selenium] no object-card found (timeout) on https://intermark.ru/nedvizhimost-za-rubezhom/investicii-spain?page=3
2026-02-21 10:35:30 [intermark_spain] INFO: [selenium] scroll=1 cards=0
2026-02-21 10:35:31 [intermark_spain] INFO: [selenium] scroll=2 cards=0
2026-02-21 10:35:31 [intermark_spain] INFO: [pagination] try next_url=https://intermark.ru/nedvizhimost-za-rubezhom/investicii-spain?page=3 cards=0
2026-02-21 10:35:31 [intermark_spain] INFO: [pagination] stop: no cards on https://intermark.ru/nedvizhimost-za-rubezhom/investicii-spain?page=3
2026-02-21 10:35:31 [intermark_scraper.pipelines] INFO: [pipeline] got item url=https://intermark.ru/objects/ispaniya-721971 stage=listing desc_len=0 area_raw='84 м²'
2026-02-21 10:35:31 [intermark_scraper.pipelines] INFO: [pipeline] inserted url=https://intermark.ru/objects/ispaniya-721971
2026-02-21 10:35:31 [intermark_scraper.pipelines] INFO: [pipeline] got item url=https://intermark.ru/objects/ispaniya-apartamenty-721360 stage=listing desc_len=0 area_raw='700 м²'
2026-02-21 10:35:31 [intermark_scraper.pipelines] INFO: [pipeline] inserted url=https://intermark.ru/objects/ispaniya-apartamenty-721360
2026-02-21 10:35:31 [intermark_scraper.pipelines] INFO: [pipeline] got item url=https://intermark.ru/objects/ispaniya-apartamenty-721359 stage=listing desc_len=0 area_raw='80 м²'
2026-02-21 10:35:31 [intermark_scraper.pipelines] INFO: [pipeline] inserted url=https://intermark.ru/objects/ispaniya-apartamenty-721359
2026-02-21 10:35:31 [intermark_scraper.pipelines] INFO: [pipeline] got item url=https://intermark.ru/objects/ispaniya-apartamenty-721358 stage=listing desc_len=0 area_raw='118 м²'
2026-02-21 10:35:31 [intermark_scraper.pipelines] INFO: [pipeline] inserted url=https://intermark.ru/objects/ispaniya-apartamenty-721358
2026-02-21 10:35:31 [intermark_scraper.pipelines] INFO: [pipeline] got item url=https://intermark.ru/objects/ispaniya-apartamenty-721357 stage=listing desc_len=0 area_raw='105 м²'
2026-02-21 10:35:31 [intermark_scraper.pipelines] INFO: [pipeline] inserted url=https://intermark.ru/objects/ispaniya-apartamenty-721357
2026-02-21 10:35:31 [intermark_scraper.pipelines] INFO: [pipeline] got item url=https://intermark.ru/objects/ispaniya-apartamenty-721356 stage=listing desc_len=0 area_raw='140 м²'
2026-02-21 10:35:31 [intermark_scraper.pipelines] INFO: [pipeline] inserted url=https://intermark.ru/objects/ispaniya-apartamenty-721356
2026-02-21 10:35:31 [intermark_scraper.pipelines] INFO: [pipeline] got item url=https://intermark.ru/objects/ispaniya-apartamenty-721355 stage=listing desc_len=0 area_raw='82 м²'
2026-02-21 10:35:31 [intermark_scraper.pipelines] INFO: [pipeline] inserted url=https://intermark.ru/objects/ispaniya-apartamenty-721355
2026-02-21 10:35:31 [intermark_scraper.pipelines] INFO: [pipeline] got item url=https://intermark.ru/objects/ispaniya-apartamenty-721354 stage=listing desc_len=0 area_raw='132 м²'
2026-02-21 10:35:31 [intermark_scraper.pipelines] INFO: [pipeline] inserted url=https://intermark.ru/objects/ispaniya-apartamenty-721354
2026-02-21 10:35:31 [intermark_scraper.pipelines] INFO: [pipeline] got item url=https://intermark.ru/objects/ispaniya-apartamenty-721353 stage=listing desc_len=0 area_raw='125 м²'
2026-02-21 10:35:31 [intermark_scraper.pipelines] INFO: [pipeline] inserted url=https://intermark.ru/objects/ispaniya-apartamenty-721353
2026-02-21 10:35:31 [intermark_scraper.pipelines] INFO: [pipeline] got item url=https://intermark.ru/objects/ispaniya-apartamenty-721352 stage=listing desc_len=0 area_raw='158 м²'
2026-02-21 10:35:31 [intermark_scraper.pipelines] INFO: [pipeline] inserted url=https://intermark.ru/objects/ispaniya-apartamenty-721352
2026-02-21 10:35:31 [intermark_scraper.pipelines] INFO: [pipeline] got item url=https://intermark.ru/objects/ispaniya-apartamenty-721351 stage=listing desc_len=0 area_raw='98 м²'
2026-02-21 10:35:31 [intermark_scraper.pipelines] INFO: [pipeline] inserted url=https://intermark.ru/objects/ispaniya-apartamenty-721351
2026-02-21 10:35:31 [intermark_scraper.pipelines] INFO: [pipeline] got item url=https://intermark.ru/objects/ispaniya-apartamenty-721350 stage=listing desc_len=0 area_raw=None
2026-02-21 10:35:31 [intermark_scraper.pipelines] INFO: [pipeline] inserted url=https://intermark.ru/objects/ispaniya-apartamenty-721350
2026-02-21 10:35:31 [intermark_scraper.pipelines] INFO: [pipeline] got item url=https://intermark.ru/objects/ispaniya-apartamenty-721349 stage=listing desc_len=0 area_raw=None
2026-02-21 10:35:31 [intermark_scraper.pipelines] INFO: [pipeline] inserted url=https://intermark.ru/objects/ispaniya-apartamenty-721349
2026-02-21 10:35:31 [intermark_scraper.pipelines] INFO: [pipeline] got item url=https://intermark.ru/objects/ispaniya-apartamenty-721348 stage=listing desc_len=0 area_raw='225 м²'
2026-02-21 10:35:31 [intermark_scraper.pipelines] INFO: [pipeline] inserted url=https://intermark.ru/objects/ispaniya-apartamenty-721348
2026-02-21 10:35:31 [intermark_scraper.pipelines] INFO: [pipeline] got item url=https://intermark.ru/objects/ispaniya-apartamenty-721347 stage=listing desc_len=0 area_raw='90 м²'
2026-02-21 10:35:31 [intermark_scraper.pipelines] INFO: [pipeline] inserted url=https://intermark.ru/objects/ispaniya-apartamenty-721347
2026-02-21 10:35:31 [intermark_scraper.pipelines] INFO: [pipeline] got item url=https://intermark.ru/objects/ispaniya-apartamenty-721346 stage=listing desc_len=0 area_raw='190 м²'
2026-02-21 10:35:31 [intermark_scraper.pipelines] INFO: [pipeline] inserted url=https://intermark.ru/objects/ispaniya-apartamenty-721346
2026-02-21 10:35:31 [intermark_scraper.pipelines] INFO: [pipeline] got item url=https://intermark.ru/objects/ispaniya-721012 stage=listing desc_len=0 area_raw='680 м²'
2026-02-21 10:35:31 [intermark_scraper.pipelines] INFO: [pipeline] inserted url=https://intermark.ru/objects/ispaniya-721012
2026-02-21 10:35:31 [intermark_scraper.pipelines] INFO: [pipeline] got item url=https://intermark.ru/objects/ispaniya-721011 stage=listing desc_len=0 area_raw='105 м²'
2026-02-21 10:35:31 [intermark_scraper.pipelines] INFO: [pipeline] inserted url=https://intermark.ru/objects/ispaniya-721011
2026-02-21 10:35:31 [intermark_scraper.pipelines] INFO: [pipeline] got item url=https://intermark.ru/objects/ispaniya-721010 stage=listing desc_len=0 area_raw='304 м²'
2026-02-21 10:35:31 [intermark_scraper.pipelines] INFO: [pipeline] inserted url=https://intermark.ru/objects/ispaniya-721010
2026-02-21 10:35:31 [intermark_scraper.pipelines] INFO: [pipeline] got item url=https://intermark.ru/objects/ispaniya-721009 stage=listing desc_len=0 area_raw='1023 м²'
2026-02-21 10:35:31 [intermark_scraper.pipelines] INFO: [pipeline] inserted url=https://intermark.ru/objects/ispaniya-721009
2026-02-21 10:35:31 [intermark_scraper.pipelines] INFO: [pipeline] got item url=https://intermark.ru/objects/ispaniya-721008 stage=listing desc_len=0 area_raw='1402 м²'
2026-02-21 10:35:31 [intermark_scraper.pipelines] INFO: [pipeline] inserted url=https://intermark.ru/objects/ispaniya-721008
2026-02-21 10:35:31 [intermark_scraper.pipelines] INFO: [pipeline] got item url=https://intermark.ru/objects/ispaniya-otel-721007 stage=listing desc_len=0 area_raw='2592 м²'
2026-02-21 10:35:31 [intermark_scraper.pipelines] INFO: [pipeline] inserted url=https://intermark.ru/objects/ispaniya-otel-721007
2026-02-21 10:35:31 [intermark_scraper.pipelines] INFO: [pipeline] got item url=https://intermark.ru/objects/ispaniya-721006 stage=listing desc_len=0 area_raw='2489 м²'
2026-02-21 10:35:31 [intermark_scraper.pipelines] INFO: [pipeline] inserted url=https://intermark.ru/objects/ispaniya-721006
2026-02-21 10:35:31 [intermark_scraper.pipelines] INFO: [pipeline] got item url=https://intermark.ru/objects/ispaniya-apartamenty-721005 stage=listing desc_len=0 area_raw='2700 м²'
2026-02-21 10:35:31 [intermark_scraper.pipelines] INFO: [pipeline] inserted url=https://intermark.ru/objects/ispaniya-apartamenty-721005
2026-02-21 10:35:31 [intermark_scraper.pipelines] INFO: [pipeline] got item url=https://intermark.ru/objects/ispaniya-apartamenty-721004 stage=listing desc_len=0 area_raw='1450 м²'
2026-02-21 10:35:31 [intermark_scraper.pipelines] INFO: [pipeline] inserted url=https://intermark.ru/objects/ispaniya-apartamenty-721004
2026-02-21 10:35:31 [intermark_scraper.pipelines] INFO: [pipeline] got item url=https://intermark.ru/objects/ispaniya-apartamenty-729089 stage=listing desc_len=0 area_raw='147 м²'
2026-02-21 10:35:31 [intermark_scraper.pipelines] INFO: [pipeline] inserted url=https://intermark.ru/objects/ispaniya-apartamenty-729089
2026-02-21 10:35:31 [intermark_scraper.pipelines] INFO: [pipeline] got item url=https://intermark.ru/objects/ispaniya-villa-729613 stage=listing desc_len=0 area_raw='597 м²'
2026-02-21 10:35:31 [intermark_scraper.pipelines] INFO: [pipeline] inserted url=https://intermark.ru/objects/ispaniya-villa-729613
2026-02-21 10:35:31 [intermark_scraper.pipelines] INFO: [pipeline] got item url=https://intermark.ru/objects/ispaniya-apartamenty-729627 stage=listing desc_len=0 area_raw='80 м²'
2026-02-21 10:35:31 [intermark_scraper.pipelines] INFO: [pipeline] inserted url=https://intermark.ru/objects/ispaniya-apartamenty-729627
2026-02-21 10:35:31 [scrapy.extensions.logstats] INFO: Crawled 0 pages (at 0 pages/min), scraped 29 items (at 58 items/min)
2026-02-21 10:35:32 [intermark_spain] INFO: [detail] url=https://intermark.ru/objects/ispaniya-apartamenty-724599 description_len=193
2026-02-21 10:35:32 [intermark_scraper.pipelines] INFO: [pipeline] got item url=https://intermark.ru/objects/ispaniya-apartamenty-724599 stage=detail desc_len=193 area_raw='315 м²'
2026-02-21 10:35:32 [intermark_scraper.pipelines] INFO: [pipeline] updated url=https://intermark.ru/objects/ispaniya-apartamenty-724599 (fields merged/filled)
2026-02-21 10:35:32 [intermark_spain] INFO: [detail] url=https://intermark.ru/objects/ispaniya-721971 description_len=187
2026-02-21 10:35:32 [intermark_scraper.pipelines] INFO: [pipeline] got item url=https://intermark.ru/objects/ispaniya-721971 stage=detail desc_len=187 area_raw='84 м²'
2026-02-21 10:35:32 [intermark_scraper.pipelines] INFO: [pipeline] updated url=https://intermark.ru/objects/ispaniya-721971 (fields merged/filled)
2026-02-21 10:35:38 [intermark_spain] INFO: [detail] url=https://intermark.ru/objects/ispaniya-apartamenty-721360 description_len=167
2026-02-21 10:35:38 [intermark_scraper.pipelines] INFO: [pipeline] got item url=https://intermark.ru/objects/ispaniya-apartamenty-721360 stage=detail desc_len=167 area_raw='700 м²'
2026-02-21 10:35:38 [intermark_scraper.pipelines] INFO: [pipeline] updated url=https://intermark.ru/objects/ispaniya-apartamenty-721360 (fields merged/filled)
2026-02-21 10:35:45 [intermark_spain] INFO: [detail] url=https://intermark.ru/objects/ispaniya-apartamenty-721359 description_len=166
2026-02-21 10:35:45 [intermark_scraper.pipelines] INFO: [pipeline] got item url=https://intermark.ru/objects/ispaniya-apartamenty-721359 stage=detail desc_len=166 area_raw='80 м²'
2026-02-21 10:35:45 [intermark_scraper.pipelines] INFO: [pipeline] updated url=https://intermark.ru/objects/ispaniya-apartamenty-721359 (fields merged/filled)
2026-02-21 10:35:48 [intermark_spain] INFO: [detail] url=https://intermark.ru/objects/ispaniya-apartamenty-721358 description_len=166
2026-02-21 10:35:48 [intermark_scraper.pipelines] INFO: [pipeline] got item url=https://intermark.ru/objects/ispaniya-apartamenty-721358 stage=detail desc_len=166 area_raw='118 м²'
2026-02-21 10:35:48 [intermark_scraper.pipelines] INFO: [pipeline] updated url=https://intermark.ru/objects/ispaniya-apartamenty-721358 (fields merged/filled)
2026-02-21 10:35:50 [intermark_spain] INFO: [detail] url=https://intermark.ru/objects/ispaniya-apartamenty-721357 description_len=166
2026-02-21 10:35:50 [intermark_scraper.pipelines] INFO: [pipeline] got item url=https://intermark.ru/objects/ispaniya-apartamenty-721357 stage=detail desc_len=166 area_raw='105 м²'
2026-02-21 10:35:50 [intermark_scraper.pipelines] INFO: [pipeline] updated url=https://intermark.ru/objects/ispaniya-apartamenty-721357 (fields merged/filled)
2026-02-21 10:35:51 [intermark_spain] INFO: [detail] url=https://intermark.ru/objects/ispaniya-apartamenty-721356 description_len=166
2026-02-21 10:35:51 [intermark_scraper.pipelines] INFO: [pipeline] got item url=https://intermark.ru/objects/ispaniya-apartamenty-721356 stage=detail desc_len=166 area_raw='140 м²'
2026-02-21 10:35:51 [intermark_scraper.pipelines] INFO: [pipeline] updated url=https://intermark.ru/objects/ispaniya-apartamenty-721356 (fields merged/filled)
2026-02-21 10:35:52 [intermark_spain] INFO: [detail] url=https://intermark.ru/objects/ispaniya-apartamenty-721355 description_len=166
2026-02-21 10:35:52 [intermark_scraper.pipelines] INFO: [pipeline] got item url=https://intermark.ru/objects/ispaniya-apartamenty-721355 stage=detail desc_len=166 area_raw='82 м²'
2026-02-21 10:35:52 [intermark_scraper.pipelines] INFO: [pipeline] updated url=https://intermark.ru/objects/ispaniya-apartamenty-721355 (fields merged/filled)
2026-02-21 10:35:53 [intermark_spain] INFO: [detail] url=https://intermark.ru/objects/ispaniya-apartamenty-721354 description_len=166
2026-02-21 10:35:53 [intermark_scraper.pipelines] INFO: [pipeline] got item url=https://intermark.ru/objects/ispaniya-apartamenty-721354 stage=detail desc_len=166 area_raw='132 м²'
2026-02-21 10:35:53 [intermark_scraper.pipelines] INFO: [pipeline] updated url=https://intermark.ru/objects/ispaniya-apartamenty-721354 (fields merged/filled)
2026-02-21 10:35:54 [intermark_spain] INFO: [detail] url=https://intermark.ru/objects/ispaniya-apartamenty-721353 description_len=166
2026-02-21 10:35:54 [intermark_scraper.pipelines] INFO: [pipeline] got item url=https://intermark.ru/objects/ispaniya-apartamenty-721353 stage=detail desc_len=166 area_raw='125 м²'
2026-02-21 10:35:54 [intermark_scraper.pipelines] INFO: [pipeline] updated url=https://intermark.ru/objects/ispaniya-apartamenty-721353 (fields merged/filled)
2026-02-21 10:35:55 [intermark_spain] INFO: [detail] url=https://intermark.ru/objects/ispaniya-apartamenty-721352 description_len=166
2026-02-21 10:35:55 [intermark_scraper.pipelines] INFO: [pipeline] got item url=https://intermark.ru/objects/ispaniya-apartamenty-721352 stage=detail desc_len=166 area_raw='158 м²'
2026-02-21 10:35:55 [intermark_scraper.pipelines] INFO: [pipeline] updated url=https://intermark.ru/objects/ispaniya-apartamenty-721352 (fields merged/filled)
2026-02-21 10:35:56 [intermark_spain] INFO: [detail] url=https://intermark.ru/objects/ispaniya-apartamenty-721351 description_len=166
2026-02-21 10:35:56 [intermark_scraper.pipelines] INFO: [pipeline] got item url=https://intermark.ru/objects/ispaniya-apartamenty-721351 stage=detail desc_len=166 area_raw='98 м²'
2026-02-21 10:35:56 [intermark_scraper.pipelines] INFO: [pipeline] updated url=https://intermark.ru/objects/ispaniya-apartamenty-721351 (fields merged/filled)
2026-02-21 10:35:58 [intermark_spain] INFO: [detail] url=https://intermark.ru/objects/ispaniya-apartamenty-721350 description_len=166
2026-02-21 10:35:58 [intermark_scraper.pipelines] INFO: [pipeline] got item url=https://intermark.ru/objects/ispaniya-apartamenty-721350 stage=detail desc_len=166 area_raw=None
2026-02-21 10:35:58 [intermark_scraper.pipelines] INFO: [pipeline] updated url=https://intermark.ru/objects/ispaniya-apartamenty-721350 (fields merged/filled)
2026-02-21 10:35:58 [scrapy.extensions.logstats] INFO: Crawled 14 pages (at 28 pages/min), scraped 42 items (at 26 items/min)
2026-02-21 10:35:59 [intermark_spain] INFO: [detail] url=https://intermark.ru/objects/ispaniya-apartamenty-721349 description_len=166
2026-02-21 10:35:59 [intermark_scraper.pipelines] INFO: [pipeline] got item url=https://intermark.ru/objects/ispaniya-apartamenty-721349 stage=detail desc_len=166 area_raw=None
2026-02-21 10:35:59 [intermark_scraper.pipelines] INFO: [pipeline] updated url=https://intermark.ru/objects/ispaniya-apartamenty-721349 (fields merged/filled)
2026-02-21 10:36:00 [intermark_spain] INFO: [detail] url=https://intermark.ru/objects/ispaniya-apartamenty-721348 description_len=166
2026-02-21 10:36:00 [intermark_scraper.pipelines] INFO: [pipeline] got item url=https://intermark.ru/objects/ispaniya-apartamenty-721348 stage=detail desc_len=166 area_raw='225 м²'
2026-02-21 10:36:00 [intermark_scraper.pipelines] INFO: [pipeline] updated url=https://intermark.ru/objects/ispaniya-apartamenty-721348 (fields merged/filled)
2026-02-21 10:36:01 [intermark_spain] INFO: [detail] url=https://intermark.ru/objects/ispaniya-apartamenty-721347 description_len=166
2026-02-21 10:36:01 [intermark_scraper.pipelines] INFO: [pipeline] got item url=https://intermark.ru/objects/ispaniya-apartamenty-721347 stage=detail desc_len=166 area_raw='90 м²'
2026-02-21 10:36:01 [intermark_scraper.pipelines] INFO: [pipeline] updated url=https://intermark.ru/objects/ispaniya-apartamenty-721347 (fields merged/filled)
2026-02-21 10:36:02 [intermark_spain] INFO: [detail] url=https://intermark.ru/objects/ispaniya-apartamenty-721346 description_len=166
2026-02-21 10:36:02 [intermark_scraper.pipelines] INFO: [pipeline] got item url=https://intermark.ru/objects/ispaniya-apartamenty-721346 stage=detail desc_len=166 area_raw='190 м²'
2026-02-21 10:36:03 [intermark_scraper.pipelines] INFO: [pipeline] updated url=https://intermark.ru/objects/ispaniya-apartamenty-721346 (fields merged/filled)
2026-02-21 10:36:04 [intermark_spain] INFO: [detail] url=https://intermark.ru/objects/ispaniya-721012 description_len=185
2026-02-21 10:36:04 [intermark_scraper.pipelines] INFO: [pipeline] got item url=https://intermark.ru/objects/ispaniya-721012 stage=detail desc_len=185 area_raw='680 м²'
2026-02-21 10:36:04 [intermark_scraper.pipelines] INFO: [pipeline] updated url=https://intermark.ru/objects/ispaniya-721012 (fields merged/filled)
2026-02-21 10:36:04 [intermark_spain] INFO: [detail] url=https://intermark.ru/objects/ispaniya-721011 description_len=183
2026-02-21 10:36:04 [intermark_scraper.pipelines] INFO: [pipeline] got item url=https://intermark.ru/objects/ispaniya-721011 stage=detail desc_len=183 area_raw='105 м²'
2026-02-21 10:36:04 [intermark_scraper.pipelines] INFO: [pipeline] updated url=https://intermark.ru/objects/ispaniya-721011 (fields merged/filled)
2026-02-21 10:36:05 [intermark_spain] INFO: [detail] url=https://intermark.ru/objects/ispaniya-721010 description_len=198
2026-02-21 10:36:05 [intermark_scraper.pipelines] INFO: [pipeline] got item url=https://intermark.ru/objects/ispaniya-721010 stage=detail desc_len=198 area_raw='304 м²'
2026-02-21 10:36:05 [intermark_scraper.pipelines] INFO: [pipeline] updated url=https://intermark.ru/objects/ispaniya-721010 (fields merged/filled)
2026-02-21 10:36:06 [intermark_spain] INFO: [detail] url=https://intermark.ru/objects/ispaniya-721009 description_len=198
2026-02-21 10:36:06 [intermark_scraper.pipelines] INFO: [pipeline] got item url=https://intermark.ru/objects/ispaniya-721009 stage=detail desc_len=198 area_raw='1023 м²'
2026-02-21 10:36:06 [intermark_scraper.pipelines] INFO: [pipeline] updated url=https://intermark.ru/objects/ispaniya-721009 (fields merged/filled)
2026-02-21 10:36:08 [intermark_spain] INFO: [detail] url=https://intermark.ru/objects/ispaniya-721008 description_len=198
2026-02-21 10:36:08 [intermark_scraper.pipelines] INFO: [pipeline] got item url=https://intermark.ru/objects/ispaniya-721008 stage=detail desc_len=198 area_raw='1402 м²'
2026-02-21 10:36:08 [intermark_scraper.pipelines] INFO: [pipeline] updated url=https://intermark.ru/objects/ispaniya-721008 (fields merged/filled)
2026-02-21 10:36:09 [intermark_spain] INFO: [detail] url=https://intermark.ru/objects/ispaniya-otel-721007 description_len=172
2026-02-21 10:36:09 [intermark_scraper.pipelines] INFO: [pipeline] got item url=https://intermark.ru/objects/ispaniya-otel-721007 stage=detail desc_len=172 area_raw='2592 м²'
2026-02-21 10:36:09 [intermark_scraper.pipelines] INFO: [pipeline] updated url=https://intermark.ru/objects/ispaniya-otel-721007 (fields merged/filled)
2026-02-21 10:36:10 [intermark_spain] INFO: [detail] url=https://intermark.ru/objects/ispaniya-721006 description_len=185
2026-02-21 10:36:10 [intermark_scraper.pipelines] INFO: [pipeline] got item url=https://intermark.ru/objects/ispaniya-721006 stage=detail desc_len=185 area_raw='2489 м²'
2026-02-21 10:36:10 [intermark_scraper.pipelines] INFO: [pipeline] updated url=https://intermark.ru/objects/ispaniya-721006 (fields merged/filled)
2026-02-21 10:36:12 [intermark_spain] INFO: [detail] url=https://intermark.ru/objects/ispaniya-apartamenty-721005 description_len=191
2026-02-21 10:36:12 [intermark_scraper.pipelines] INFO: [pipeline] got item url=https://intermark.ru/objects/ispaniya-apartamenty-721005 stage=detail desc_len=191 area_raw='2700 м²'
2026-02-21 10:36:12 [intermark_scraper.pipelines] INFO: [pipeline] updated url=https://intermark.ru/objects/ispaniya-apartamenty-721005 (fields merged/filled)
2026-02-21 10:36:13 [intermark_spain] INFO: [detail] url=https://intermark.ru/objects/ispaniya-apartamenty-721004 description_len=177
2026-02-21 10:36:13 [intermark_scraper.pipelines] INFO: [pipeline] got item url=https://intermark.ru/objects/ispaniya-apartamenty-721004 stage=detail desc_len=177 area_raw='1450 м²'
2026-02-21 10:36:13 [intermark_scraper.pipelines] INFO: [pipeline] updated url=https://intermark.ru/objects/ispaniya-apartamenty-721004 (fields merged/filled)
2026-02-21 10:36:14 [intermark_spain] INFO: [detail] url=https://intermark.ru/objects/ispaniya-apartamenty-729089 description_len=177
2026-02-21 10:36:14 [intermark_scraper.pipelines] INFO: [pipeline] got item url=https://intermark.ru/objects/ispaniya-apartamenty-729089 stage=detail desc_len=177 area_raw='147 м²'
2026-02-21 10:36:14 [intermark_scraper.pipelines] INFO: [pipeline] updated url=https://intermark.ru/objects/ispaniya-apartamenty-729089 (fields merged/filled)
2026-02-21 10:36:15 [intermark_spain] INFO: [detail] url=https://intermark.ru/objects/ispaniya-villa-729613 description_len=193
2026-02-21 10:36:15 [intermark_scraper.pipelines] INFO: [pipeline] got item url=https://intermark.ru/objects/ispaniya-villa-729613 stage=detail desc_len=193 area_raw='597 м²'
2026-02-21 10:36:15 [intermark_scraper.pipelines] INFO: [pipeline] updated url=https://intermark.ru/objects/ispaniya-villa-729613 (fields merged/filled)
2026-02-21 10:36:16 [intermark_spain] INFO: [detail] url=https://intermark.ru/objects/ispaniya-apartamenty-729627 description_len=193
2026-02-21 10:36:16 [intermark_scraper.pipelines] INFO: [pipeline] got item url=https://intermark.ru/objects/ispaniya-apartamenty-729627 stage=detail desc_len=193 area_raw='80 м²'
2026-02-21 10:36:16 [intermark_scraper.pipelines] INFO: [pipeline] updated url=https://intermark.ru/objects/ispaniya-apartamenty-729627 (fields merged/filled)
2026-02-21 10:36:16 [scrapy.core.engine] INFO: Closing spider (finished)
2026-02-21 10:36:16 [intermark_scraper.pipelines] INFO: Database connection closed
2026-02-21 10:36:18 [intermark_spain] INFO: [selenium] driver quit ok
2026-02-21 10:36:18 [scrapy.statscollectors] INFO: Dumping Scrapy stats:
{'downloader/request_bytes': 55589,
 'downloader/request_count': 29,
 'downloader/request_method_count/GET': 29,
 'downloader/response_bytes': 746408,
 'downloader/response_count': 29,
 'downloader/response_status_count/200': 29,
 'elapsed_time_seconds': 79.656816,
 'finish_reason': 'finished',
 'finish_time': datetime.datetime(2026, 2, 21, 6, 36, 18, 618523, tzinfo=datetime.timezone.utc),
 'httpcompression/response_bytes': 6292014,
 'httpcompression/response_count': 29,
 'item_scraped_count': 58,
 'items_per_minute': 44.050632911392405,
 'log_count/INFO': 175,
 'response_received_count': 29,
 'responses_per_minute': 22.025316455696203,
 'scheduler/dequeued': 29,
 'scheduler/dequeued/memory': 29,
 'scheduler/enqueued': 29,
 'scheduler/enqueued/memory': 29,
 'start_time': datetime.datetime(2026, 2, 21, 6, 34, 58, 961707, tzinfo=datetime.timezone.utc)}
2026-02-21 10:36:18 [scrapy.core.engine] INFO: Spider closed (finished)
2026-02-21 10:38:52 [scrapy.utils.log] INFO: Scrapy 2.14.1 started (bot: intermark_scraper)
2026-02-21 10:38:52 [scrapy.utils.log] INFO: Versions:
{'lxml': '6.0.2',
 'libxml2': '2.11.9',
 'cssselect': '1.4.0',
 'parsel': '1.11.0',
 'w3lib': '2.4.0',
 'Twisted': '25.5.0',
 'Python': '3.11.9 (tags/v3.11.9:de54cf5, Apr  2 2024, 10:12:12) [MSC v.1938 '
           '64 bit (AMD64)]',
 'pyOpenSSL': '25.3.0 (OpenSSL 3.5.5 27 Jan 2026)',
 'cryptography': '46.0.5',
 'Platform': 'Windows-10-10.0.26200-SP0'}
2026-02-21 10:38:52 [scrapy.addons] INFO: Enabled addons:
[]
2026-02-21 10:38:52 [scrapy.extensions.telnet] INFO: Telnet Password: 0a21c3e4b8c0c458
2026-02-21 10:38:52 [scrapy.middleware] INFO: Enabled extensions:
['scrapy.extensions.corestats.CoreStats',
 'scrapy.extensions.logcount.LogCount',
 'scrapy.extensions.telnet.TelnetConsole',
 'scrapy.extensions.logstats.LogStats',
 'scrapy.extensions.throttle.AutoThrottle']
2026-02-21 10:38:52 [scrapy.crawler] INFO: Overridden settings:
{'AUTOTHROTTLE_ENABLED': True,
 'AUTOTHROTTLE_MAX_DELAY': 10.0,
 'AUTOTHROTTLE_START_DELAY': 1.0,
 'BOT_NAME': 'intermark_scraper',
 'CONCURRENT_REQUESTS': 1,
 'CONCURRENT_REQUESTS_PER_DOMAIN': 1,
 'DOWNLOAD_DELAY': 1,
 'DOWNLOAD_TIMEOUT': 30,
 'FEED_EXPORT_ENCODING': 'utf-8',
 'LOGSTATS_INTERVAL': 30,
 'LOG_FILE': 'logs/scrapy_run.log',
 'LOG_LEVEL': 'INFO',
 'NEWSPIDER_MODULE': 'intermark_scraper.spiders',
 'RETRY_TIMES': 5,
 'SPIDER_MODULES': ['intermark_scraper.spiders']}
2026-02-21 10:38:53 [scrapy.middleware] INFO: Enabled downloader middlewares:
['scrapy.downloadermiddlewares.offsite.OffsiteMiddleware',
 'scrapy.downloadermiddlewares.httpauth.HttpAuthMiddleware',
 'scrapy.downloadermiddlewares.downloadtimeout.DownloadTimeoutMiddleware',
 'scrapy.downloadermiddlewares.defaultheaders.DefaultHeadersMiddleware',
 'intermark_scraper.middlewares.RotateUserAgentMiddleware',
 'intermark_scraper.middlewares.SmartRetryMiddleware',
 'scrapy.downloadermiddlewares.redirect.MetaRefreshMiddleware',
 'scrapy.downloadermiddlewares.httpcompression.HttpCompressionMiddleware',
 'scrapy.downloadermiddlewares.redirect.RedirectMiddleware',
 'scrapy.downloadermiddlewares.cookies.CookiesMiddleware',
 'scrapy.downloadermiddlewares.httpproxy.HttpProxyMiddleware',
 'scrapy.downloadermiddlewares.stats.DownloaderStats']
2026-02-21 10:38:53 [py.warnings] WARNING: D:\Course-DE-fall_2025\scrapy_intermark_spain_project\.venv\Lib\site-packages\scrapy\core\downloader\middleware.py:44: ScrapyDeprecationWarning: RotateUserAgentMiddleware.process_request() requires a spider argument, this is deprecated and the argument will not be passed in future Scrapy versions. If you need to access the spider instance you can save the crawler instance passed to from_crawler() and use its spider attribute.
  self._check_mw_method_spider_arg(mw.process_request)

2026-02-21 10:38:53 [py.warnings] WARNING: D:\Course-DE-fall_2025\scrapy_intermark_spain_project\.venv\Lib\site-packages\scrapy\core\downloader\middleware.py:47: ScrapyDeprecationWarning: SmartRetryMiddleware.process_response() requires a spider argument, this is deprecated and the argument will not be passed in future Scrapy versions. If you need to access the spider instance you can save the crawler instance passed to from_crawler() and use its spider attribute.
  self._check_mw_method_spider_arg(mw.process_response)

2026-02-21 10:38:53 [scrapy.middleware] INFO: Enabled spider middlewares:
['scrapy.spidermiddlewares.start.StartSpiderMiddleware',
 'scrapy.spidermiddlewares.httperror.HttpErrorMiddleware',
 'scrapy.spidermiddlewares.referer.RefererMiddleware',
 'scrapy.spidermiddlewares.urllength.UrlLengthMiddleware',
 'scrapy.spidermiddlewares.depth.DepthMiddleware']
2026-02-21 10:38:53 [scrapy.middleware] INFO: Enabled item pipelines:
['intermark_scraper.pipelines.DatabasePipeline']
2026-02-21 10:38:53 [py.warnings] WARNING: D:\Course-DE-fall_2025\scrapy_intermark_spain_project\.venv\Lib\site-packages\scrapy\pipelines\__init__.py:41: ScrapyDeprecationWarning: DatabasePipeline.open_spider() requires a spider argument, this is deprecated and the argument will not be passed in future Scrapy versions. If you need to access the spider instance you can save the crawler instance passed to from_crawler() and use its spider attribute.
  self._check_mw_method_spider_arg(pipe.open_spider)

2026-02-21 10:38:53 [py.warnings] WARNING: D:\Course-DE-fall_2025\scrapy_intermark_spain_project\.venv\Lib\site-packages\scrapy\pipelines\__init__.py:44: ScrapyDeprecationWarning: DatabasePipeline.close_spider() requires a spider argument, this is deprecated and the argument will not be passed in future Scrapy versions. If you need to access the spider instance you can save the crawler instance passed to from_crawler() and use its spider attribute.
  self._check_mw_method_spider_arg(pipe.close_spider)

2026-02-21 10:38:53 [py.warnings] WARNING: D:\Course-DE-fall_2025\scrapy_intermark_spain_project\.venv\Lib\site-packages\scrapy\pipelines\__init__.py:47: ScrapyDeprecationWarning: DatabasePipeline.process_item() requires a spider argument, this is deprecated and the argument will not be passed in future Scrapy versions. If you need to access the spider instance you can save the crawler instance passed to from_crawler() and use its spider attribute.
  self._check_mw_method_spider_arg(pipe.process_item)

2026-02-21 10:38:53 [scrapy.core.engine] INFO: Spider opened
2026-02-21 10:38:53 [py.warnings] WARNING: D:\Course-DE-fall_2025\scrapy_intermark_spain_project\.venv\Lib\site-packages\scrapy\core\spidermw.py:490: ScrapyDeprecationWarning: intermark_scraper.spiders.intermark_spain.IntermarkSpainSpider defines the deprecated start_requests() method. start_requests() has been deprecated in favor of a new method, start(), to support asynchronous code execution. start_requests() will stop being called in a future version of Scrapy. If you use Scrapy 2.13 or higher only, replace start_requests() with start(); note that start() is a coroutine (async def). If you need to maintain compatibility with lower Scrapy versions, when overriding start_requests() in a spider class, override start() as well; you can use super() to reuse the inherited start() implementation without copy-pasting. See the release notes of Scrapy 2.13 for details: https://docs.scrapy.org/en/2.13/news.html
  warn(

2026-02-21 10:38:53 [intermark_scraper.pipelines] INFO: Loaded 29 urls from DB into spider.db_urls
2026-02-21 10:38:53 [intermark_scraper.pipelines] INFO: Need detail (missing description): 0
2026-02-21 10:38:53 [scrapy.extensions.logstats] INFO: Crawled 0 pages (at 0 pages/min), scraped 0 items (at 0 items/min)
2026-02-21 10:38:53 [scrapy.extensions.telnet] INFO: Telnet console listening on 127.0.0.1:6023
2026-02-21 10:38:53 [WDM] INFO: ====== WebDriver manager ======
2026-02-21 10:38:56 [WDM] INFO: Get LATEST chromedriver version for google-chrome
2026-02-21 10:38:56 [WDM] INFO: Get LATEST chromedriver version for google-chrome
2026-02-21 10:38:57 [WDM] INFO: Driver [C:\Users\user\.wdm\drivers\chromedriver\win64\145.0.7632.77\chromedriver-win32/chromedriver.exe] found in cache
2026-02-21 10:38:58 [intermark_spain] INFO: [selenium] driver initialized
2026-02-21 10:38:58 [intermark_spain] INFO: [selenium] GET https://intermark.ru/nedvizhimost-za-rubezhom/investicii-spain
2026-02-21 10:39:01 [intermark_spain] INFO: [selenium] scroll=1 cards=25
2026-02-21 10:39:02 [intermark_spain] INFO: [selenium] scroll=2 cards=25
2026-02-21 10:39:02 [intermark_spain] INFO: [listing] Saved HTML to intermark_page.html
2026-02-21 10:39:02 [intermark_spain] INFO: [listing] url=https://intermark.ru/nedvizhimost-za-rubezhom/investicii-spain len(html)=1600211
2026-02-21 10:39:02 [intermark_spain] INFO: [listing] Found 25 cards
2026-02-21 10:39:02 [intermark_scraper.pipelines] INFO: [pipeline] got item url=https://intermark.ru/objects/ispaniya-apartamenty-724599 stage=listing desc_len=0 area_raw='315 м²'
2026-02-21 10:39:02 [intermark_scraper.pipelines] INFO: [pipeline] updated url=https://intermark.ru/objects/ispaniya-apartamenty-724599 (fields merged/filled)
2026-02-21 10:39:02 [intermark_scraper.pipelines] INFO: [pipeline] got item url=https://intermark.ru/objects/ispaniya-721971 stage=listing desc_len=0 area_raw='84 м²'
2026-02-21 10:39:02 [intermark_scraper.pipelines] INFO: [pipeline] updated url=https://intermark.ru/objects/ispaniya-721971 (fields merged/filled)
2026-02-21 10:39:02 [intermark_scraper.pipelines] INFO: [pipeline] got item url=https://intermark.ru/objects/ispaniya-apartamenty-721360 stage=listing desc_len=0 area_raw='700 м²'
2026-02-21 10:39:02 [intermark_scraper.pipelines] INFO: [pipeline] updated url=https://intermark.ru/objects/ispaniya-apartamenty-721360 (fields merged/filled)
2026-02-21 10:39:02 [intermark_scraper.pipelines] INFO: [pipeline] got item url=https://intermark.ru/objects/ispaniya-apartamenty-721359 stage=listing desc_len=0 area_raw='80 м²'
2026-02-21 10:39:02 [intermark_scraper.pipelines] INFO: [pipeline] updated url=https://intermark.ru/objects/ispaniya-apartamenty-721359 (fields merged/filled)
2026-02-21 10:39:02 [intermark_scraper.pipelines] INFO: [pipeline] got item url=https://intermark.ru/objects/ispaniya-apartamenty-721358 stage=listing desc_len=0 area_raw='118 м²'
2026-02-21 10:39:02 [intermark_scraper.pipelines] INFO: [pipeline] updated url=https://intermark.ru/objects/ispaniya-apartamenty-721358 (fields merged/filled)
2026-02-21 10:39:02 [intermark_scraper.pipelines] INFO: [pipeline] got item url=https://intermark.ru/objects/ispaniya-apartamenty-721357 stage=listing desc_len=0 area_raw='105 м²'
2026-02-21 10:39:02 [intermark_scraper.pipelines] INFO: [pipeline] updated url=https://intermark.ru/objects/ispaniya-apartamenty-721357 (fields merged/filled)
2026-02-21 10:39:02 [intermark_scraper.pipelines] INFO: [pipeline] got item url=https://intermark.ru/objects/ispaniya-apartamenty-721356 stage=listing desc_len=0 area_raw='140 м²'
2026-02-21 10:39:02 [intermark_scraper.pipelines] INFO: [pipeline] updated url=https://intermark.ru/objects/ispaniya-apartamenty-721356 (fields merged/filled)
2026-02-21 10:39:02 [intermark_scraper.pipelines] INFO: [pipeline] got item url=https://intermark.ru/objects/ispaniya-apartamenty-721355 stage=listing desc_len=0 area_raw='82 м²'
2026-02-21 10:39:02 [intermark_scraper.pipelines] INFO: [pipeline] updated url=https://intermark.ru/objects/ispaniya-apartamenty-721355 (fields merged/filled)
2026-02-21 10:39:02 [intermark_scraper.pipelines] INFO: [pipeline] got item url=https://intermark.ru/objects/ispaniya-apartamenty-721354 stage=listing desc_len=0 area_raw='132 м²'
2026-02-21 10:39:02 [intermark_scraper.pipelines] INFO: [pipeline] updated url=https://intermark.ru/objects/ispaniya-apartamenty-721354 (fields merged/filled)
2026-02-21 10:39:03 [intermark_scraper.pipelines] INFO: [pipeline] got item url=https://intermark.ru/objects/ispaniya-apartamenty-721353 stage=listing desc_len=0 area_raw='125 м²'
2026-02-21 10:39:03 [intermark_scraper.pipelines] INFO: [pipeline] updated url=https://intermark.ru/objects/ispaniya-apartamenty-721353 (fields merged/filled)
2026-02-21 10:39:03 [intermark_scraper.pipelines] INFO: [pipeline] got item url=https://intermark.ru/objects/ispaniya-apartamenty-721352 stage=listing desc_len=0 area_raw='158 м²'
2026-02-21 10:39:03 [intermark_scraper.pipelines] INFO: [pipeline] updated url=https://intermark.ru/objects/ispaniya-apartamenty-721352 (fields merged/filled)
2026-02-21 10:39:03 [intermark_scraper.pipelines] INFO: [pipeline] got item url=https://intermark.ru/objects/ispaniya-apartamenty-721351 stage=listing desc_len=0 area_raw='98 м²'
2026-02-21 10:39:03 [intermark_scraper.pipelines] INFO: [pipeline] updated url=https://intermark.ru/objects/ispaniya-apartamenty-721351 (fields merged/filled)
2026-02-21 10:39:03 [intermark_scraper.pipelines] INFO: [pipeline] got item url=https://intermark.ru/objects/ispaniya-apartamenty-721350 stage=listing desc_len=0 area_raw=None
2026-02-21 10:39:03 [intermark_scraper.pipelines] INFO: [pipeline] updated url=https://intermark.ru/objects/ispaniya-apartamenty-721350 (fields merged/filled)
2026-02-21 10:39:03 [intermark_scraper.pipelines] INFO: [pipeline] got item url=https://intermark.ru/objects/ispaniya-apartamenty-721349 stage=listing desc_len=0 area_raw=None
2026-02-21 10:39:03 [intermark_scraper.pipelines] INFO: [pipeline] updated url=https://intermark.ru/objects/ispaniya-apartamenty-721349 (fields merged/filled)
2026-02-21 10:39:03 [intermark_scraper.pipelines] INFO: [pipeline] got item url=https://intermark.ru/objects/ispaniya-apartamenty-721348 stage=listing desc_len=0 area_raw='225 м²'
2026-02-21 10:39:03 [intermark_scraper.pipelines] INFO: [pipeline] updated url=https://intermark.ru/objects/ispaniya-apartamenty-721348 (fields merged/filled)
2026-02-21 10:39:03 [intermark_scraper.pipelines] INFO: [pipeline] got item url=https://intermark.ru/objects/ispaniya-apartamenty-721347 stage=listing desc_len=0 area_raw='90 м²'
2026-02-21 10:39:03 [intermark_scraper.pipelines] INFO: [pipeline] updated url=https://intermark.ru/objects/ispaniya-apartamenty-721347 (fields merged/filled)
2026-02-21 10:39:03 [intermark_scraper.pipelines] INFO: [pipeline] got item url=https://intermark.ru/objects/ispaniya-apartamenty-721346 stage=listing desc_len=0 area_raw='190 м²'
2026-02-21 10:39:03 [intermark_scraper.pipelines] INFO: [pipeline] updated url=https://intermark.ru/objects/ispaniya-apartamenty-721346 (fields merged/filled)
2026-02-21 10:39:03 [intermark_scraper.pipelines] INFO: [pipeline] got item url=https://intermark.ru/objects/ispaniya-721012 stage=listing desc_len=0 area_raw='680 м²'
2026-02-21 10:39:03 [intermark_scraper.pipelines] INFO: [pipeline] updated url=https://intermark.ru/objects/ispaniya-721012 (fields merged/filled)
2026-02-21 10:39:03 [intermark_scraper.pipelines] INFO: [pipeline] got item url=https://intermark.ru/objects/ispaniya-721011 stage=listing desc_len=0 area_raw='105 м²'
2026-02-21 10:39:03 [intermark_scraper.pipelines] INFO: [pipeline] updated url=https://intermark.ru/objects/ispaniya-721011 (fields merged/filled)
2026-02-21 10:39:03 [intermark_scraper.pipelines] INFO: [pipeline] got item url=https://intermark.ru/objects/ispaniya-721010 stage=listing desc_len=0 area_raw='304 м²'
2026-02-21 10:39:03 [intermark_scraper.pipelines] INFO: [pipeline] updated url=https://intermark.ru/objects/ispaniya-721010 (fields merged/filled)
2026-02-21 10:39:03 [intermark_scraper.pipelines] INFO: [pipeline] got item url=https://intermark.ru/objects/ispaniya-721009 stage=listing desc_len=0 area_raw='1023 м²'
2026-02-21 10:39:03 [intermark_scraper.pipelines] INFO: [pipeline] updated url=https://intermark.ru/objects/ispaniya-721009 (fields merged/filled)
2026-02-21 10:39:03 [intermark_scraper.pipelines] INFO: [pipeline] got item url=https://intermark.ru/objects/ispaniya-721008 stage=listing desc_len=0 area_raw='1402 м²'
2026-02-21 10:39:03 [intermark_scraper.pipelines] INFO: [pipeline] updated url=https://intermark.ru/objects/ispaniya-721008 (fields merged/filled)
2026-02-21 10:39:03 [intermark_scraper.pipelines] INFO: [pipeline] got item url=https://intermark.ru/objects/ispaniya-otel-721007 stage=listing desc_len=0 area_raw='2592 м²'
2026-02-21 10:39:03 [intermark_scraper.pipelines] INFO: [pipeline] updated url=https://intermark.ru/objects/ispaniya-otel-721007 (fields merged/filled)
2026-02-21 10:39:03 [intermark_scraper.pipelines] INFO: [pipeline] got item url=https://intermark.ru/objects/ispaniya-721006 stage=listing desc_len=0 area_raw='2489 м²'
2026-02-21 10:39:03 [intermark_scraper.pipelines] INFO: [pipeline] updated url=https://intermark.ru/objects/ispaniya-721006 (fields merged/filled)
2026-02-21 10:39:03 [intermark_scraper.pipelines] INFO: [pipeline] got item url=https://intermark.ru/objects/ispaniya-apartamenty-721005 stage=listing desc_len=0 area_raw='2700 м²'
2026-02-21 10:39:03 [intermark_scraper.pipelines] INFO: [pipeline] updated url=https://intermark.ru/objects/ispaniya-apartamenty-721005 (fields merged/filled)
2026-02-21 10:39:03 [intermark_spain] INFO: [selenium] GET https://intermark.ru/nedvizhimost-za-rubezhom/investicii-spain?page=2
2026-02-21 10:39:05 [intermark_spain] INFO: [selenium] scroll=1 cards=4
2026-02-21 10:39:06 [intermark_spain] INFO: [selenium] scroll=2 cards=4
2026-02-21 10:39:06 [intermark_spain] INFO: [pagination] try next_url=https://intermark.ru/nedvizhimost-za-rubezhom/investicii-spain?page=2 cards=4
2026-02-21 10:39:06 [intermark_spain] INFO: [listing] url=https://intermark.ru/nedvizhimost-za-rubezhom/investicii-spain?page=2 len(html)=1322089
2026-02-21 10:39:06 [intermark_spain] INFO: [listing] Found 4 cards
2026-02-21 10:39:06 [intermark_scraper.pipelines] INFO: [pipeline] got item url=https://intermark.ru/objects/ispaniya-apartamenty-721004 stage=listing desc_len=0 area_raw='1450 м²'
2026-02-21 10:39:06 [intermark_scraper.pipelines] INFO: [pipeline] updated url=https://intermark.ru/objects/ispaniya-apartamenty-721004 (fields merged/filled)
2026-02-21 10:39:06 [intermark_scraper.pipelines] INFO: [pipeline] got item url=https://intermark.ru/objects/ispaniya-apartamenty-729089 stage=listing desc_len=0 area_raw='147 м²'
2026-02-21 10:39:06 [intermark_scraper.pipelines] INFO: [pipeline] updated url=https://intermark.ru/objects/ispaniya-apartamenty-729089 (fields merged/filled)
2026-02-21 10:39:06 [intermark_scraper.pipelines] INFO: [pipeline] got item url=https://intermark.ru/objects/ispaniya-villa-729613 stage=listing desc_len=0 area_raw='597 м²'
2026-02-21 10:39:06 [intermark_scraper.pipelines] INFO: [pipeline] updated url=https://intermark.ru/objects/ispaniya-villa-729613 (fields merged/filled)
2026-02-21 10:39:06 [intermark_scraper.pipelines] INFO: [pipeline] got item url=https://intermark.ru/objects/ispaniya-apartamenty-729627 stage=listing desc_len=0 area_raw='80 м²'
2026-02-21 10:39:06 [intermark_scraper.pipelines] INFO: [pipeline] updated url=https://intermark.ru/objects/ispaniya-apartamenty-729627 (fields merged/filled)
2026-02-21 10:39:06 [intermark_spain] INFO: [selenium] GET https://intermark.ru/nedvizhimost-za-rubezhom/investicii-spain?page=3
2026-02-21 10:39:23 [intermark_spain] INFO: [selenium] no object-card found (timeout) on https://intermark.ru/nedvizhimost-za-rubezhom/investicii-spain?page=3
2026-02-21 10:39:23 [intermark_spain] INFO: [selenium] scroll=1 cards=0
2026-02-21 10:39:24 [intermark_spain] INFO: [selenium] scroll=2 cards=0
2026-02-21 10:39:24 [intermark_spain] INFO: [pagination] try next_url=https://intermark.ru/nedvizhimost-za-rubezhom/investicii-spain?page=3 cards=0
2026-02-21 10:39:24 [intermark_spain] INFO: [pagination] stop: no cards on https://intermark.ru/nedvizhimost-za-rubezhom/investicii-spain?page=3
2026-02-21 10:39:24 [scrapy.extensions.logstats] INFO: Crawled 0 pages (at 0 pages/min), scraped 29 items (at 58 items/min)
2026-02-21 10:39:24 [scrapy.core.engine] INFO: Closing spider (finished)
2026-02-21 10:39:24 [intermark_scraper.pipelines] INFO: Database connection closed
2026-02-21 10:39:26 [intermark_spain] INFO: [selenium] driver quit ok
2026-02-21 10:39:26 [scrapy.statscollectors] INFO: Dumping Scrapy stats:
{'elapsed_time_seconds': 33.332426,
 'finish_reason': 'finished',
 'finish_time': datetime.datetime(2026, 2, 21, 6, 39, 26, 766613, tzinfo=datetime.timezone.utc),
 'item_scraped_count': 29,
 'items_per_minute': 52.72727272727272,
 'log_count/INFO': 87,
 'responses_per_minute': 0.0,
 'start_time': datetime.datetime(2026, 2, 21, 6, 38, 53, 434187, tzinfo=datetime.timezone.utc)}
2026-02-21 10:39:26 [scrapy.core.engine] INFO: Spider closed (finished)
2026-02-21 11:50:17 [scrapy.utils.log] INFO: Scrapy 2.14.1 started (bot: intermark_scraper)
2026-02-21 11:50:17 [scrapy.utils.log] INFO: Versions:
{'lxml': '6.0.2',
 'libxml2': '2.11.9',
 'cssselect': '1.4.0',
 'parsel': '1.11.0',
 'w3lib': '2.4.0',
 'Twisted': '25.5.0',
 'Python': '3.11.9 (tags/v3.11.9:de54cf5, Apr  2 2024, 10:12:12) [MSC v.1938 '
           '64 bit (AMD64)]',
 'pyOpenSSL': '25.3.0 (OpenSSL 3.5.5 27 Jan 2026)',
 'cryptography': '46.0.5',
 'Platform': 'Windows-10-10.0.26200-SP0'}
2026-02-21 11:50:17 [scrapy.addons] INFO: Enabled addons:
[]
2026-02-21 11:50:17 [scrapy.extensions.telnet] INFO: Telnet Password: 410137367d35fa17
2026-02-21 11:50:17 [scrapy.middleware] INFO: Enabled extensions:
['scrapy.extensions.corestats.CoreStats',
 'scrapy.extensions.logcount.LogCount',
 'scrapy.extensions.telnet.TelnetConsole',
 'scrapy.extensions.logstats.LogStats',
 'scrapy.extensions.throttle.AutoThrottle']
2026-02-21 11:50:17 [scrapy.crawler] INFO: Overridden settings:
{'AUTOTHROTTLE_ENABLED': True,
 'AUTOTHROTTLE_MAX_DELAY': 10.0,
 'AUTOTHROTTLE_START_DELAY': 1.0,
 'BOT_NAME': 'intermark_scraper',
 'CONCURRENT_REQUESTS': 1,
 'CONCURRENT_REQUESTS_PER_DOMAIN': 1,
 'DOWNLOAD_DELAY': 1,
 'DOWNLOAD_TIMEOUT': 30,
 'FEED_EXPORT_ENCODING': 'utf-8',
 'LOGSTATS_INTERVAL': 30,
 'LOG_FILE': 'logs/scrapy_run.log',
 'LOG_LEVEL': 'INFO',
 'NEWSPIDER_MODULE': 'intermark_scraper.spiders',
 'RETRY_TIMES': 5,
 'SPIDER_MODULES': ['intermark_scraper.spiders']}
2026-02-21 11:50:17 [scrapy.middleware] INFO: Enabled downloader middlewares:
['scrapy.downloadermiddlewares.offsite.OffsiteMiddleware',
 'scrapy.downloadermiddlewares.httpauth.HttpAuthMiddleware',
 'scrapy.downloadermiddlewares.downloadtimeout.DownloadTimeoutMiddleware',
 'scrapy.downloadermiddlewares.defaultheaders.DefaultHeadersMiddleware',
 'intermark_scraper.middlewares.RotateUserAgentMiddleware',
 'intermark_scraper.middlewares.SmartRetryMiddleware',
 'scrapy.downloadermiddlewares.redirect.MetaRefreshMiddleware',
 'scrapy.downloadermiddlewares.httpcompression.HttpCompressionMiddleware',
 'scrapy.downloadermiddlewares.redirect.RedirectMiddleware',
 'scrapy.downloadermiddlewares.cookies.CookiesMiddleware',
 'scrapy.downloadermiddlewares.httpproxy.HttpProxyMiddleware',
 'scrapy.downloadermiddlewares.stats.DownloaderStats']
2026-02-21 11:50:17 [py.warnings] WARNING: D:\Course-DE-fall_2025\scrapy_intermark_spain_project\.venv\Lib\site-packages\scrapy\core\downloader\middleware.py:44: ScrapyDeprecationWarning: RotateUserAgentMiddleware.process_request() requires a spider argument, this is deprecated and the argument will not be passed in future Scrapy versions. If you need to access the spider instance you can save the crawler instance passed to from_crawler() and use its spider attribute.
  self._check_mw_method_spider_arg(mw.process_request)

2026-02-21 11:50:17 [py.warnings] WARNING: D:\Course-DE-fall_2025\scrapy_intermark_spain_project\.venv\Lib\site-packages\scrapy\core\downloader\middleware.py:47: ScrapyDeprecationWarning: SmartRetryMiddleware.process_response() requires a spider argument, this is deprecated and the argument will not be passed in future Scrapy versions. If you need to access the spider instance you can save the crawler instance passed to from_crawler() and use its spider attribute.
  self._check_mw_method_spider_arg(mw.process_response)

2026-02-21 11:50:17 [scrapy.middleware] INFO: Enabled spider middlewares:
['scrapy.spidermiddlewares.start.StartSpiderMiddleware',
 'scrapy.spidermiddlewares.httperror.HttpErrorMiddleware',
 'scrapy.spidermiddlewares.referer.RefererMiddleware',
 'scrapy.spidermiddlewares.urllength.UrlLengthMiddleware',
 'scrapy.spidermiddlewares.depth.DepthMiddleware']
2026-02-21 11:50:18 [scrapy.middleware] INFO: Enabled item pipelines:
['intermark_scraper.pipelines.DatabasePipeline']
2026-02-21 11:50:18 [py.warnings] WARNING: D:\Course-DE-fall_2025\scrapy_intermark_spain_project\.venv\Lib\site-packages\scrapy\pipelines\__init__.py:41: ScrapyDeprecationWarning: DatabasePipeline.open_spider() requires a spider argument, this is deprecated and the argument will not be passed in future Scrapy versions. If you need to access the spider instance you can save the crawler instance passed to from_crawler() and use its spider attribute.
  self._check_mw_method_spider_arg(pipe.open_spider)

2026-02-21 11:50:18 [py.warnings] WARNING: D:\Course-DE-fall_2025\scrapy_intermark_spain_project\.venv\Lib\site-packages\scrapy\pipelines\__init__.py:44: ScrapyDeprecationWarning: DatabasePipeline.close_spider() requires a spider argument, this is deprecated and the argument will not be passed in future Scrapy versions. If you need to access the spider instance you can save the crawler instance passed to from_crawler() and use its spider attribute.
  self._check_mw_method_spider_arg(pipe.close_spider)

2026-02-21 11:50:18 [py.warnings] WARNING: D:\Course-DE-fall_2025\scrapy_intermark_spain_project\.venv\Lib\site-packages\scrapy\pipelines\__init__.py:47: ScrapyDeprecationWarning: DatabasePipeline.process_item() requires a spider argument, this is deprecated and the argument will not be passed in future Scrapy versions. If you need to access the spider instance you can save the crawler instance passed to from_crawler() and use its spider attribute.
  self._check_mw_method_spider_arg(pipe.process_item)

2026-02-21 11:50:18 [scrapy.core.engine] INFO: Spider opened
2026-02-21 11:50:18 [py.warnings] WARNING: D:\Course-DE-fall_2025\scrapy_intermark_spain_project\.venv\Lib\site-packages\scrapy\core\spidermw.py:490: ScrapyDeprecationWarning: intermark_scraper.spiders.intermark_spain.IntermarkSpainSpider defines the deprecated start_requests() method. start_requests() has been deprecated in favor of a new method, start(), to support asynchronous code execution. start_requests() will stop being called in a future version of Scrapy. If you use Scrapy 2.13 or higher only, replace start_requests() with start(); note that start() is a coroutine (async def). If you need to maintain compatibility with lower Scrapy versions, when overriding start_requests() in a spider class, override start() as well; you can use super() to reuse the inherited start() implementation without copy-pasting. See the release notes of Scrapy 2.13 for details: https://docs.scrapy.org/en/2.13/news.html
  warn(

2026-02-21 11:50:18 [intermark_scraper.pipelines] INFO: Loaded 29 urls from DB into spider.db_urls
2026-02-21 11:50:18 [intermark_scraper.pipelines] INFO: Need detail (missing description): 0
2026-02-21 11:50:18 [scrapy.extensions.logstats] INFO: Crawled 0 pages (at 0 pages/min), scraped 0 items (at 0 items/min)
2026-02-21 11:50:18 [scrapy.extensions.telnet] INFO: Telnet console listening on 127.0.0.1:6023
2026-02-21 11:50:18 [WDM] INFO: ====== WebDriver manager ======
2026-02-21 11:50:21 [WDM] INFO: Get LATEST chromedriver version for google-chrome
2026-02-21 11:50:22 [WDM] INFO: Get LATEST chromedriver version for google-chrome
2026-02-21 11:50:23 [WDM] INFO: Driver [C:\Users\user\.wdm\drivers\chromedriver\win64\145.0.7632.77\chromedriver-win32/chromedriver.exe] found in cache
2026-02-21 11:50:24 [intermark_spain] INFO: [selenium] driver initialized
2026-02-21 11:50:24 [intermark_spain] INFO: [selenium] GET https://intermark.ru/nedvizhimost-za-rubezhom/investicii-spain
2026-02-21 11:50:47 [intermark_spain] INFO: [selenium] scroll=1 cards=25
2026-02-21 11:50:48 [intermark_spain] INFO: [selenium] scroll=2 cards=25
2026-02-21 11:50:48 [intermark_spain] INFO: [listing] Saved HTML to intermark_page.html
2026-02-21 11:50:48 [intermark_spain] INFO: [listing] url=https://intermark.ru/nedvizhimost-za-rubezhom/investicii-spain len(html)=1600211
2026-02-21 11:50:48 [intermark_spain] INFO: [listing] Found 25 cards
2026-02-21 11:50:48 [intermark_scraper.pipelines] INFO: [pipeline] got item url=https://intermark.ru/objects/ispaniya-apartamenty-724599 stage=listing desc_len=0 area_raw='315 м²'
2026-02-21 11:50:48 [intermark_scraper.pipelines] INFO: [pipeline] updated url=https://intermark.ru/objects/ispaniya-apartamenty-724599 (fields merged/filled)
2026-02-21 11:50:48 [intermark_scraper.pipelines] INFO: [pipeline] got item url=https://intermark.ru/objects/ispaniya-721971 stage=listing desc_len=0 area_raw='84 м²'
2026-02-21 11:50:48 [intermark_scraper.pipelines] INFO: [pipeline] updated url=https://intermark.ru/objects/ispaniya-721971 (fields merged/filled)
2026-02-21 11:50:48 [intermark_scraper.pipelines] INFO: [pipeline] got item url=https://intermark.ru/objects/ispaniya-apartamenty-721360 stage=listing desc_len=0 area_raw='700 м²'
2026-02-21 11:50:48 [intermark_scraper.pipelines] INFO: [pipeline] updated url=https://intermark.ru/objects/ispaniya-apartamenty-721360 (fields merged/filled)
2026-02-21 11:50:48 [intermark_scraper.pipelines] INFO: [pipeline] got item url=https://intermark.ru/objects/ispaniya-apartamenty-721359 stage=listing desc_len=0 area_raw='80 м²'
2026-02-21 11:50:48 [intermark_scraper.pipelines] INFO: [pipeline] updated url=https://intermark.ru/objects/ispaniya-apartamenty-721359 (fields merged/filled)
2026-02-21 11:50:48 [intermark_scraper.pipelines] INFO: [pipeline] got item url=https://intermark.ru/objects/ispaniya-apartamenty-721358 stage=listing desc_len=0 area_raw='118 м²'
2026-02-21 11:50:48 [intermark_scraper.pipelines] INFO: [pipeline] updated url=https://intermark.ru/objects/ispaniya-apartamenty-721358 (fields merged/filled)
2026-02-21 11:50:48 [intermark_scraper.pipelines] INFO: [pipeline] got item url=https://intermark.ru/objects/ispaniya-apartamenty-721357 stage=listing desc_len=0 area_raw='105 м²'
2026-02-21 11:50:48 [intermark_scraper.pipelines] INFO: [pipeline] updated url=https://intermark.ru/objects/ispaniya-apartamenty-721357 (fields merged/filled)
2026-02-21 11:50:48 [scrapy.extensions.logstats] INFO: Crawled 0 pages (at 0 pages/min), scraped 6 items (at 12 items/min)
2026-02-21 11:50:48 [intermark_scraper.pipelines] INFO: [pipeline] got item url=https://intermark.ru/objects/ispaniya-apartamenty-721356 stage=listing desc_len=0 area_raw='140 м²'
2026-02-21 11:50:48 [intermark_scraper.pipelines] INFO: [pipeline] updated url=https://intermark.ru/objects/ispaniya-apartamenty-721356 (fields merged/filled)
2026-02-21 11:50:48 [intermark_scraper.pipelines] INFO: [pipeline] got item url=https://intermark.ru/objects/ispaniya-apartamenty-721355 stage=listing desc_len=0 area_raw='82 м²'
2026-02-21 11:50:48 [intermark_scraper.pipelines] INFO: [pipeline] updated url=https://intermark.ru/objects/ispaniya-apartamenty-721355 (fields merged/filled)
2026-02-21 11:50:48 [intermark_scraper.pipelines] INFO: [pipeline] got item url=https://intermark.ru/objects/ispaniya-apartamenty-721354 stage=listing desc_len=0 area_raw='132 м²'
2026-02-21 11:50:48 [intermark_scraper.pipelines] INFO: [pipeline] updated url=https://intermark.ru/objects/ispaniya-apartamenty-721354 (fields merged/filled)
2026-02-21 11:50:48 [intermark_scraper.pipelines] INFO: [pipeline] got item url=https://intermark.ru/objects/ispaniya-apartamenty-721353 stage=listing desc_len=0 area_raw='125 м²'
2026-02-21 11:50:48 [intermark_scraper.pipelines] INFO: [pipeline] updated url=https://intermark.ru/objects/ispaniya-apartamenty-721353 (fields merged/filled)
2026-02-21 11:50:48 [intermark_scraper.pipelines] INFO: [pipeline] got item url=https://intermark.ru/objects/ispaniya-apartamenty-721352 stage=listing desc_len=0 area_raw='158 м²'
2026-02-21 11:50:48 [intermark_scraper.pipelines] INFO: [pipeline] updated url=https://intermark.ru/objects/ispaniya-apartamenty-721352 (fields merged/filled)
2026-02-21 11:50:48 [intermark_scraper.pipelines] INFO: [pipeline] got item url=https://intermark.ru/objects/ispaniya-apartamenty-721351 stage=listing desc_len=0 area_raw='98 м²'
2026-02-21 11:50:48 [intermark_scraper.pipelines] INFO: [pipeline] updated url=https://intermark.ru/objects/ispaniya-apartamenty-721351 (fields merged/filled)
2026-02-21 11:50:48 [intermark_scraper.pipelines] INFO: [pipeline] got item url=https://intermark.ru/objects/ispaniya-apartamenty-721350 stage=listing desc_len=0 area_raw=None
2026-02-21 11:50:48 [intermark_scraper.pipelines] INFO: [pipeline] updated url=https://intermark.ru/objects/ispaniya-apartamenty-721350 (fields merged/filled)
2026-02-21 11:50:48 [intermark_scraper.pipelines] INFO: [pipeline] got item url=https://intermark.ru/objects/ispaniya-apartamenty-721349 stage=listing desc_len=0 area_raw=None
2026-02-21 11:50:48 [intermark_scraper.pipelines] INFO: [pipeline] updated url=https://intermark.ru/objects/ispaniya-apartamenty-721349 (fields merged/filled)
2026-02-21 11:50:48 [intermark_scraper.pipelines] INFO: [pipeline] got item url=https://intermark.ru/objects/ispaniya-apartamenty-721348 stage=listing desc_len=0 area_raw='225 м²'
2026-02-21 11:50:48 [intermark_scraper.pipelines] INFO: [pipeline] updated url=https://intermark.ru/objects/ispaniya-apartamenty-721348 (fields merged/filled)
2026-02-21 11:50:48 [intermark_scraper.pipelines] INFO: [pipeline] got item url=https://intermark.ru/objects/ispaniya-apartamenty-721347 stage=listing desc_len=0 area_raw='90 м²'
2026-02-21 11:50:48 [intermark_scraper.pipelines] INFO: [pipeline] updated url=https://intermark.ru/objects/ispaniya-apartamenty-721347 (fields merged/filled)
2026-02-21 11:50:48 [intermark_scraper.pipelines] INFO: [pipeline] got item url=https://intermark.ru/objects/ispaniya-apartamenty-721346 stage=listing desc_len=0 area_raw='190 м²'
2026-02-21 11:50:48 [intermark_scraper.pipelines] INFO: [pipeline] updated url=https://intermark.ru/objects/ispaniya-apartamenty-721346 (fields merged/filled)
2026-02-21 11:50:48 [intermark_scraper.pipelines] INFO: [pipeline] got item url=https://intermark.ru/objects/ispaniya-721012 stage=listing desc_len=0 area_raw='680 м²'
2026-02-21 11:50:48 [intermark_scraper.pipelines] INFO: [pipeline] updated url=https://intermark.ru/objects/ispaniya-721012 (fields merged/filled)
2026-02-21 11:50:48 [intermark_scraper.pipelines] INFO: [pipeline] got item url=https://intermark.ru/objects/ispaniya-721011 stage=listing desc_len=0 area_raw='105 м²'
2026-02-21 11:50:48 [intermark_scraper.pipelines] INFO: [pipeline] updated url=https://intermark.ru/objects/ispaniya-721011 (fields merged/filled)
2026-02-21 11:50:48 [intermark_scraper.pipelines] INFO: [pipeline] got item url=https://intermark.ru/objects/ispaniya-721010 stage=listing desc_len=0 area_raw='304 м²'
2026-02-21 11:50:48 [intermark_scraper.pipelines] INFO: [pipeline] updated url=https://intermark.ru/objects/ispaniya-721010 (fields merged/filled)
2026-02-21 11:50:48 [intermark_scraper.pipelines] INFO: [pipeline] got item url=https://intermark.ru/objects/ispaniya-721009 stage=listing desc_len=0 area_raw='1023 м²'
2026-02-21 11:50:48 [intermark_scraper.pipelines] INFO: [pipeline] updated url=https://intermark.ru/objects/ispaniya-721009 (fields merged/filled)
2026-02-21 11:50:48 [intermark_scraper.pipelines] INFO: [pipeline] got item url=https://intermark.ru/objects/ispaniya-721008 stage=listing desc_len=0 area_raw='1402 м²'
2026-02-21 11:50:48 [intermark_scraper.pipelines] INFO: [pipeline] updated url=https://intermark.ru/objects/ispaniya-721008 (fields merged/filled)
2026-02-21 11:50:48 [intermark_scraper.pipelines] INFO: [pipeline] got item url=https://intermark.ru/objects/ispaniya-otel-721007 stage=listing desc_len=0 area_raw='2592 м²'
2026-02-21 11:50:48 [intermark_scraper.pipelines] INFO: [pipeline] updated url=https://intermark.ru/objects/ispaniya-otel-721007 (fields merged/filled)
2026-02-21 11:50:48 [intermark_scraper.pipelines] INFO: [pipeline] got item url=https://intermark.ru/objects/ispaniya-721006 stage=listing desc_len=0 area_raw='2489 м²'
2026-02-21 11:50:48 [intermark_scraper.pipelines] INFO: [pipeline] updated url=https://intermark.ru/objects/ispaniya-721006 (fields merged/filled)
2026-02-21 11:50:48 [intermark_scraper.pipelines] INFO: [pipeline] got item url=https://intermark.ru/objects/ispaniya-apartamenty-721005 stage=listing desc_len=0 area_raw='2700 м²'
2026-02-21 11:50:48 [intermark_scraper.pipelines] INFO: [pipeline] updated url=https://intermark.ru/objects/ispaniya-apartamenty-721005 (fields merged/filled)
2026-02-21 11:50:48 [intermark_spain] INFO: [selenium] GET https://intermark.ru/nedvizhimost-za-rubezhom/investicii-spain?page=2
2026-02-21 11:50:55 [intermark_spain] INFO: [selenium] scroll=1 cards=4
2026-02-21 11:50:55 [intermark_spain] INFO: [selenium] scroll=2 cards=4
2026-02-21 11:50:56 [intermark_spain] INFO: [pagination] try next_url=https://intermark.ru/nedvizhimost-za-rubezhom/investicii-spain?page=2 cards=4
2026-02-21 11:50:56 [intermark_spain] INFO: [listing] url=https://intermark.ru/nedvizhimost-za-rubezhom/investicii-spain?page=2 len(html)=1322089
2026-02-21 11:50:56 [intermark_spain] INFO: [listing] Found 4 cards
2026-02-21 11:50:56 [intermark_scraper.pipelines] INFO: [pipeline] got item url=https://intermark.ru/objects/ispaniya-apartamenty-721004 stage=listing desc_len=0 area_raw='1450 м²'
2026-02-21 11:50:56 [intermark_scraper.pipelines] INFO: [pipeline] updated url=https://intermark.ru/objects/ispaniya-apartamenty-721004 (fields merged/filled)
2026-02-21 11:50:56 [intermark_scraper.pipelines] INFO: [pipeline] got item url=https://intermark.ru/objects/ispaniya-apartamenty-729089 stage=listing desc_len=0 area_raw='147 м²'
2026-02-21 11:50:56 [intermark_scraper.pipelines] INFO: [pipeline] updated url=https://intermark.ru/objects/ispaniya-apartamenty-729089 (fields merged/filled)
2026-02-21 11:50:56 [intermark_scraper.pipelines] INFO: [pipeline] got item url=https://intermark.ru/objects/ispaniya-villa-729613 stage=listing desc_len=0 area_raw='597 м²'
2026-02-21 11:50:56 [intermark_scraper.pipelines] INFO: [pipeline] updated url=https://intermark.ru/objects/ispaniya-villa-729613 (fields merged/filled)
2026-02-21 11:50:56 [intermark_scraper.pipelines] INFO: [pipeline] got item url=https://intermark.ru/objects/ispaniya-apartamenty-729627 stage=listing desc_len=0 area_raw='80 м²'
2026-02-21 11:50:56 [intermark_scraper.pipelines] INFO: [pipeline] updated url=https://intermark.ru/objects/ispaniya-apartamenty-729627 (fields merged/filled)
2026-02-21 11:50:56 [intermark_spain] INFO: [selenium] GET https://intermark.ru/nedvizhimost-za-rubezhom/investicii-spain?page=3
2026-02-21 11:51:15 [intermark_spain] INFO: [selenium] no object-card found (timeout) on https://intermark.ru/nedvizhimost-za-rubezhom/investicii-spain?page=3
2026-02-21 11:51:16 [intermark_spain] INFO: [selenium] scroll=1 cards=0
2026-02-21 11:51:17 [intermark_spain] INFO: [selenium] scroll=2 cards=0
2026-02-21 11:51:17 [intermark_spain] INFO: [pagination] try next_url=https://intermark.ru/nedvizhimost-za-rubezhom/investicii-spain?page=3 cards=0
2026-02-21 11:51:17 [intermark_spain] INFO: [pagination] stop: no cards on https://intermark.ru/nedvizhimost-za-rubezhom/investicii-spain?page=3
2026-02-21 11:51:17 [scrapy.core.engine] INFO: Closing spider (finished)
2026-02-21 11:51:17 [intermark_scraper.pipelines] INFO: Database connection closed
2026-02-21 11:51:19 [intermark_spain] INFO: [selenium] driver quit ok
2026-02-21 11:51:19 [scrapy.statscollectors] INFO: Dumping Scrapy stats:
{'elapsed_time_seconds': 61.108192,
 'finish_reason': 'finished',
 'finish_time': datetime.datetime(2026, 2, 21, 7, 51, 19, 557407, tzinfo=datetime.timezone.utc),
 'item_scraped_count': 29,
 'items_per_minute': 28.524590163934427,
 'log_count/INFO': 87,
 'responses_per_minute': 0.0,
 'start_time': datetime.datetime(2026, 2, 21, 7, 50, 18, 449215, tzinfo=datetime.timezone.utc)}
2026-02-21 11:51:19 [scrapy.core.engine] INFO: Spider closed (finished)
